<?xml version="1.0" encoding="UTF-8"?>
<!-- Generated by org.testng.reporters.JUnitXMLReporter -->
<testsuite ignored="1" hostname="Ashutoshs-MacBook-Air.local" failures="0" tests="1" name="Default test" time="5.005" errors="0" timestamp="2023-08-17T22:55:03 IST">
  <testcase classname="GETAPIs.GETAPIRequestTest" name="getUserAPITest" time="2.146"/>
  <testcase classname="GETAPIs.GETAPIRequestTest" name="getAllUsersWithQueryParameter_WithHashMap_APITest" time="0.0">
    <ignored/>
  </testcase> <!-- getAllUsersWithQueryParameter_WithHashMap_APITest -->
</testsuite> <!-- Default test -->
