<?xml version="1.0" encoding="UTF-8"?>
<testng-results ignored="0" total="1" passed="1" failed="0" skipped="0">
  <reporter-output>
  </reporter-output>
  <suite started-at="2023-08-19T22:06:38 IST" name="Default suite" finished-at="2023-08-19T22:06:43 IST" duration-ms="5736">
    <groups>
    </groups>
    <test started-at="2023-08-19T22:06:38 IST" name="Default test" finished-at="2023-08-19T22:06:43 IST" duration-ms="5736">
      <class name="GETAPIs.GETAPIRequestWithBDD">
        <test-method signature="getUserAPITest()[pri:0, instance:GETAPIs.GETAPIRequestWithBDD@49e5f737]" started-at="2023-08-19T22:06:38 IST" name="getUserAPITest" finished-at="2023-08-19T22:06:43 IST" duration-ms="5704" status="PASS">
          <reporter-output>
          </reporter-output>
        </test-method> <!-- getUserAPITest -->
      </class> <!-- GETAPIs.GETAPIRequestWithBDD -->
    </test> <!-- Default test -->
  </suite> <!-- Default suite -->
</testng-results>
